# JRE version: Java(TM) SE Runtime Environment (18.0.2+9) (build 18.0.2+9-61)
# Java VM: Java HotSpot(TM) 64-Bit Server VM (18.0.2+9-61, mixed mode, sharing, tiered, compressed oops, compressed class ptrs, parallel gc, windows-amd64)
GC Precious Log:
 CardTable entry size: 512
 CPUs: 3 total, 3 available
 Memory: 3839M
 Large Page Support: Disabled
 NUMA Support: Disabled
 Compressed Oops: Enabled (32-bit)
 Alignments: Space 512K, Generation 512K, Heap 2M
 Heap Min Capacity: 100M
 Heap Initial Capacity: 100M
 Heap Max Capacity: 1G
 Pre-touch: Disabled
 Parallel Workers: 3
Heap:
 PSYoungGen      total 7680K, used 704K [0x00000000eab00000, 0x00000000eb380000, 0x0000000100000000)
  eden space 6656K, 0% used [0x00000000eab00000,0x00000000eab00000,0x00000000eb180000)
  from space 1024K, 68% used [0x00000000eb180000,0x00000000eb230000,0x00000000eb280000)
  to   space 1024K, 0% used [0x00000000eb280000,0x00000000eb280000,0x00000000eb380000)
 ParOldGen       total 178688K, used 178181K [0x00000000c0000000, 0x00000000cae80000, 0x00000000eab00000)
  object space 178688K, 99% used [0x00000000c0000000,0x00000000cae014b0,0x00000000cae80000)
 Metaspace       used 81908K, committed 83200K, reserved 1179648K
  class space    used 7464K, committed 8064K, reserved 1048576K
GC Heap History (20 events):
Event: 38804.188 GC heap after
{Heap after GC invocations=18220 (full 479):
 PSYoungGen      total 7680K, used 1024K [0x00000000eab00000, 0x00000000eb680000, 0x0000000100000000)
  eden space 6656K, 0% used [0x00000000eab00000,0x00000000eab00000,0x00000000eb180000)
  from space 1024K, 100% used [0x00000000eb380000,0x00000000eb480000,0x00000000eb480000)
  to   space 2048K, 0% used [0x00000000eb180000,0x00000000eb180000,0x00000000eb380000)
 ParOldGen       total 178176K, used 173261K [0x00000000c0000000, 0x00000000cae00000, 0x00000000eab00000)
  object space 178176K, 97% used [0x00000000c0000000,0x00000000ca933470,0x00000000cae00000)
 Metaspace       used 81908K, committed 83200K, reserved 1179648K
  class space    used 7464K, committed 8064K, reserved 1048576K
}
Event: 38804.199 GC heap before
{Heap before GC invocations=18221 (full 479):
 PSYoungGen      total 7680K, used 7666K [0x00000000eab00000, 0x00000000eb680000, 0x0000000100000000)
  eden space 6656K, 99% used [0x00000000eab00000,0x00000000eb17c980,0x00000000eb180000)
  from space 1024K, 100% used [0x00000000eb380000,0x00000000eb480000,0x00000000eb480000)
  to   space 2048K, 0% used [0x00000000eb180000,0x00000000eb180000,0x00000000eb380000)
 ParOldGen       total 178176K, used 173261K [0x00000000c0000000, 0x00000000cae00000, 0x00000000eab00000)
  object space 178176K, 97% used [0x00000000c0000000,0x00000000ca933470,0x00000000cae00000)
 Metaspace       used 81908K, committed 83200K, reserved 1179648K
  class space    used 7464K, committed 8064K, reserved 1048576K
}
Event: 38804.203 GC heap after
{Heap after GC invocations=18221 (full 479):
 PSYoungGen      total 7168K, used 192K [0x00000000eab00000, 0x00000000eb400000, 0x0000000100000000)
  eden space 6656K, 0% used [0x00000000eab00000,0x00000000eab00000,0x00000000eb180000)
  from space 512K, 37% used [0x00000000eb180000,0x00000000eb1b0000,0x00000000eb200000)
  to   space 1024K, 0% used [0x00000000eb300000,0x00000000eb300000,0x00000000eb400000)
 ParOldGen       total 178176K, used 174236K [0x00000000c0000000, 0x00000000cae00000, 0x00000000eab00000)
  object space 178176K, 97% used [0x00000000c0000000,0x00000000caa27250,0x00000000cae00000)
 Metaspace       used 81908K, committed 83200K, reserved 1179648K
  class space    used 7464K, committed 8064K, reserved 1048576K
}
Event: 38804.216 GC heap before
{Heap before GC invocations=18222 (full 479):
 PSYoungGen      total 7168K, used 6848K [0x00000000eab00000, 0x00000000eb400000, 0x0000000100000000)
  eden space 6656K, 100% used [0x00000000eab00000,0x00000000eb180000,0x00000000eb180000)
  from space 512K, 37% used [0x00000000eb180000,0x00000000eb1b0000,0x00000000eb200000)
  to   space 1024K, 0% used [0x00000000eb300000,0x00000000eb300000,0x00000000eb400000)
 ParOldGen       total 178176K, used 174236K [0x00000000c0000000, 0x00000000cae00000, 0x00000000eab00000)
  object space 178176K, 97% used [0x00000000c0000000,0x00000000caa27250,0x00000000cae00000)
 Metaspace       used 81908K, committed 83200K, reserved 1179648K
  class space    used 7464K, committed 8064K, reserved 1048576K
}
Event: 38804.219 GC heap after
{Heap after GC invocations=18222 (full 479):
 PSYoungGen      total 7168K, used 464K [0x00000000eab00000, 0x00000000eb380000, 0x0000000100000000)
  eden space 6656K, 0% used [0x00000000eab00000,0x00000000eab00000,0x00000000eb180000)
  from space 512K, 90% used [0x00000000eb300000,0x00000000eb374010,0x00000000eb380000)
  to   space 1024K, 0% used [0x00000000eb180000,0x00000000eb180000,0x00000000eb280000)
 ParOldGen       total 178176K, used 174396K [0x00000000c0000000, 0x00000000cae00000, 0x00000000eab00000)
  object space 178176K, 97% used [0x00000000c0000000,0x00000000caa4f270,0x00000000cae00000)
 Metaspace       used 81908K, committed 83200K, reserved 1179648K
  class space    used 7464K, committed 8064K, reserved 1048576K
}
Event: 38804.232 GC heap before
{Heap before GC invocations=18223 (full 479):
 PSYoungGen      total 7168K, used 7120K [0x00000000eab00000, 0x00000000eb380000, 0x0000000100000000)
  eden space 6656K, 100% used [0x00000000eab00000,0x00000000eb180000,0x00000000eb180000)
  from space 512K, 90% used [0x00000000eb300000,0x00000000eb374010,0x00000000eb380000)
  to   space 1024K, 0% used [0x00000000eb180000,0x00000000eb180000,0x00000000eb280000)
 ParOldGen       total 178176K, used 174396K [0x00000000c0000000, 0x00000000cae00000, 0x00000000eab00000)
  object space 178176K, 97% used [0x00000000c0000000,0x00000000caa4f270,0x00000000cae00000)
 Metaspace       used 81908K, committed 83200K, reserved 1179648K
  class space    used 7464K, committed 8064K, reserved 1048576K
}
Event: 38804.234 GC heap after
{Heap after GC invocations=18223 (full 479):
 PSYoungGen      total 7680K, used 304K [0x00000000eab00000, 0x00000000eb380000, 0x0000000100000000)
  eden space 6656K, 0% used [0x00000000eab00000,0x00000000eab00000,0x00000000eb180000)
  from space 1024K, 29% used [0x00000000eb180000,0x00000000eb1cc010,0x00000000eb280000)
  to   space 512K, 0% used [0x00000000eb300000,0x00000000eb300000,0x00000000eb380000)
 ParOldGen       total 178176K, used 174769K [0x00000000c0000000, 0x00000000cae00000, 0x00000000eab00000)
  object space 178176K, 98% used [0x00000000c0000000,0x00000000caaac710,0x00000000cae00000)
 Metaspace       used 81908K, committed 83200K, reserved 1179648K
  class space    used 7464K, committed 8064K, reserved 1048576K
}
Event: 38806.662 GC heap before
{Heap before GC invocations=18224 (full 479):
 PSYoungGen      total 7680K, used 6960K [0x00000000eab00000, 0x00000000eb380000, 0x0000000100000000)
  eden space 6656K, 100% used [0x00000000eab00000,0x00000000eb180000,0x00000000eb180000)
  from space 1024K, 29% used [0x00000000eb180000,0x00000000eb1cc010,0x00000000eb280000)
  to   space 512K, 0% used [0x00000000eb300000,0x00000000eb300000,0x00000000eb380000)
 ParOldGen       total 178176K, used 174769K [0x00000000c0000000, 0x00000000cae00000, 0x00000000eab00000)
  object space 178176K, 98% used [0x00000000c0000000,0x00000000caaac710,0x00000000cae00000)
 Metaspace       used 81908K, committed 83200K, reserved 1179648K
  class space    used 7464K, committed 8064K, reserved 1048576K
}
Event: 38806.664 GC heap after
{Heap after GC invocations=18224 (full 479):
 PSYoungGen      total 7168K, used 512K [0x00000000eab00000, 0x00000000eb480000, 0x0000000100000000)
  eden space 6656K, 0% used [0x00000000eab00000,0x00000000eab00000,0x00000000eb180000)
  from space 512K, 100% used [0x00000000eb300000,0x00000000eb380000,0x00000000eb380000)
  to   space 1536K, 0% used [0x00000000eb180000,0x00000000eb180000,0x00000000eb300000)
 ParOldGen       total 178176K, used 175236K [0x00000000c0000000, 0x00000000cae00000, 0x00000000eab00000)
  object space 178176K, 98% used [0x00000000c0000000,0x00000000cab21060,0x00000000cae00000)
 Metaspace       used 81908K, committed 83200K, reserved 1179648K
  class space    used 7464K, committed 8064K, reserved 1048576K
}
Event: 38806.701 GC heap before
{Heap before GC invocations=18225 (full 479):
 PSYoungGen      total 7168K, used 7168K [0x00000000eab00000, 0x00000000eb480000, 0x0000000100000000)
  eden space 6656K, 100% used [0x00000000eab00000,0x00000000eb180000,0x00000000eb180000)
  from space 512K, 100% used [0x00000000eb300000,0x00000000eb380000,0x00000000eb380000)
  to   space 1536K, 0% used [0x00000000eb180000,0x00000000eb180000,0x00000000eb300000)
 ParOldGen       total 178176K, used 175236K [0x00000000c0000000, 0x00000000cae00000, 0x00000000eab00000)
  object space 178176K, 98% used [0x00000000c0000000,0x00000000cab21060,0x00000000cae00000)
 Metaspace       used 81908K, committed 83200K, reserved 1179648K
  class space    used 7464K, committed 8064K, reserved 1048576K
}
Event: 38806.704 GC heap after
{Heap after GC invocations=18225 (full 479):
 PSYoungGen      total 7680K, used 752K [0x00000000eab00000, 0x00000000eb380000, 0x0000000100000000)
  eden space 6656K, 0% used [0x00000000eab00000,0x00000000eab00000,0x00000000eb180000)
  from space 1024K, 73% used [0x00000000eb180000,0x00000000eb23c010,0x00000000eb280000)
  to   space 1024K, 0% used [0x00000000eb280000,0x00000000eb280000,0x00000000eb380000)
 ParOldGen       total 178176K, used 175753K [0x00000000c0000000, 0x00000000cae00000, 0x00000000eab00000)
  object space 178176K, 98% used [0x00000000c0000000,0x00000000caba24f0,0x00000000cae00000)
 Metaspace       used 81908K, committed 83200K, reserved 1179648K
  class space    used 7464K, committed 8064K, reserved 1048576K
}
Event: 38806.825 GC heap before
{Heap before GC invocations=18226 (full 479):
 PSYoungGen      total 7680K, used 7408K [0x00000000eab00000, 0x00000000eb380000, 0x0000000100000000)
  eden space 6656K, 100% used [0x00000000eab00000,0x00000000eb180000,0x00000000eb180000)
  from space 1024K, 73% used [0x00000000eb180000,0x00000000eb23c010,0x00000000eb280000)
  to   space 1024K, 0% used [0x00000000eb280000,0x00000000eb280000,0x00000000eb380000)
 ParOldGen       total 178176K, used 175753K [0x00000000c0000000, 0x00000000cae00000, 0x00000000eab00000)
  object space 178176K, 98% used [0x00000000c0000000,0x00000000caba24f0,0x00000000cae00000)
 Metaspace       used 81908K, committed 83200K, reserved 1179648K
  class space    used 7464K, committed 8064K, reserved 1048576K
}
Event: 38806.838 GC heap after
{Heap after GC invocations=18226 (full 479):
 PSYoungGen      total 7680K, used 576K [0x00000000eab00000, 0x00000000eb380000, 0x0000000100000000)
  eden space 6656K, 0% used [0x00000000eab00000,0x00000000eab00000,0x00000000eb180000)
  from space 1024K, 56% used [0x00000000eb280000,0x00000000eb310000,0x00000000eb380000)
  to   space 1024K, 0% used [0x00000000eb180000,0x00000000eb180000,0x00000000eb280000)
 ParOldGen       total 178176K, used 176432K [0x00000000c0000000, 0x00000000cae00000, 0x00000000eab00000)
  object space 178176K, 99% used [0x00000000c0000000,0x00000000cac4c210,0x00000000cae00000)
 Metaspace       used 81908K, committed 83200K, reserved 1179648K
  class space    used 7464K, committed 8064K, reserved 1048576K
}
Event: 38807.224 GC heap before
{Heap before GC invocations=18227 (full 479):
 PSYoungGen      total 7680K, used 7232K [0x00000000eab00000, 0x00000000eb380000, 0x0000000100000000)
  eden space 6656K, 100% used [0x00000000eab00000,0x00000000eb180000,0x00000000eb180000)
  from space 1024K, 56% used [0x00000000eb280000,0x00000000eb310000,0x00000000eb380000)
  to   space 1024K, 0% used [0x00000000eb180000,0x00000000eb180000,0x00000000eb280000)
 ParOldGen       total 178176K, used 176432K [0x00000000c0000000, 0x00000000cae00000, 0x00000000eab00000)
  object space 178176K, 99% used [0x00000000c0000000,0x00000000cac4c210,0x00000000cae00000)
 Metaspace       used 81908K, committed 83200K, reserved 1179648K
  class space    used 7464K, committed 8064K, reserved 1048576K
}
Event: 38807.227 GC heap after
{Heap after GC invocations=18227 (full 479):
 PSYoungGen      total 7680K, used 592K [0x00000000eab00000, 0x00000000eb380000, 0x0000000100000000)
  eden space 6656K, 0% used [0x00000000eab00000,0x00000000eab00000,0x00000000eb180000)
  from space 1024K, 57% used [0x00000000eb180000,0x00000000eb214010,0x00000000eb280000)
  to   space 1024K, 0% used [0x00000000eb280000,0x00000000eb280000,0x00000000eb380000)
 ParOldGen       total 178176K, used 176904K [0x00000000c0000000, 0x00000000cae00000, 0x00000000eab00000)
  object space 178176K, 99% used [0x00000000c0000000,0x00000000cacc2230,0x00000000cae00000)
 Metaspace       used 81908K, committed 83200K, reserved 1179648K
  class space    used 7464K, committed 8064K, reserved 1048576K
}
Event: 38807.563 GC heap before
{Heap before GC invocations=18228 (full 479):
 PSYoungGen      total 7680K, used 7248K [0x00000000eab00000, 0x00000000eb380000, 0x0000000100000000)
  eden space 6656K, 100% used [0x00000000eab00000,0x00000000eb180000,0x00000000eb180000)
  from space 1024K, 57% used [0x00000000eb180000,0x00000000eb214010,0x00000000eb280000)
  to   space 1024K, 0% used [0x00000000eb280000,0x00000000eb280000,0x00000000eb380000)
 ParOldGen       total 178176K, used 176904K [0x00000000c0000000, 0x00000000cae00000, 0x00000000eab00000)
  object space 178176K, 99% used [0x00000000c0000000,0x00000000cacc2230,0x00000000cae00000)
 Metaspace       used 81908K, committed 83200K, reserved 1179648K
  class space    used 7464K, committed 8064K, reserved 1048576K
}
Event: 38807.566 GC heap after
{Heap after GC invocations=18228 (full 479):
 PSYoungGen      total 7680K, used 800K [0x00000000eab00000, 0x00000000eb380000, 0x0000000100000000)
  eden space 6656K, 0% used [0x00000000eab00000,0x00000000eab00000,0x00000000eb180000)
  from space 1024K, 78% used [0x00000000eb280000,0x00000000eb348000,0x00000000eb380000)
  to   space 1024K, 0% used [0x00000000eb180000,0x00000000eb180000,0x00000000eb280000)
 ParOldGen       total 178176K, used 177434K [0x00000000c0000000, 0x00000000cae00000, 0x00000000eab00000)
  object space 178176K, 99% used [0x00000000c0000000,0x00000000cad46b70,0x00000000cae00000)
 Metaspace       used 81908K, committed 83200K, reserved 1179648K
  class space    used 7464K, committed 8064K, reserved 1048576K
}
Event: 38808.146 GC heap before
{Heap before GC invocations=18229 (full 479):
 PSYoungGen      total 7680K, used 7456K [0x00000000eab00000, 0x00000000eb380000, 0x0000000100000000)
  eden space 6656K, 100% used [0x00000000eab00000,0x00000000eb180000,0x00000000eb180000)
  from space 1024K, 78% used [0x00000000eb280000,0x00000000eb348000,0x00000000eb380000)
  to   space 1024K, 0% used [0x00000000eb180000,0x00000000eb180000,0x00000000eb280000)
 ParOldGen       total 178176K, used 177434K [0x00000000c0000000, 0x00000000cae00000, 0x00000000eab00000)
  object space 178176K, 99% used [0x00000000c0000000,0x00000000cad46b70,0x00000000cae00000)
 Metaspace       used 81908K, committed 83200K, reserved 1179648K
  class space    used 7464K, committed 8064K, reserved 1048576K
}
Event: 38808.150 GC heap after
{Heap after GC invocations=18229 (full 479):
 PSYoungGen      total 7680K, used 704K [0x00000000eab00000, 0x00000000eb380000, 0x0000000100000000)
  eden space 6656K, 0% used [0x00000000eab00000,0x00000000eab00000,0x00000000eb180000)
  from space 1024K, 68% used [0x00000000eb180000,0x00000000eb230000,0x00000000eb280000)
  to   space 1024K, 0% used [0x00000000eb280000,0x00000000eb280000,0x00000000eb380000)
 ParOldGen       total 178688K, used 178181K [0x00000000c0000000, 0x00000000cae80000, 0x00000000eab00000)
  object space 178688K, 99% used [0x00000000c0000000,0x00000000cae014b0,0x00000000cae80000)
 Metaspace       used 81908K, committed 83200K, reserved 1179648K
  class space    used 7464K, committed 8064K, reserved 1048576K
}
Event: 38808.150 GC heap before
{Heap before GC invocations=18230 (full 480):
 PSYoungGen      total 7680K, used 704K [0x00000000eab00000, 0x00000000eb380000, 0x0000000100000000)
  eden space 6656K, 0% used [0x00000000eab00000,0x00000000eab00000,0x00000000eb180000)
  from space 1024K, 68% used [0x00000000eb180000,0x00000000eb230000,0x00000000eb280000)
  to   space 1024K, 0% used [0x00000000eb280000,0x00000000eb280000,0x00000000eb380000)
 ParOldGen       total 178688K, used 178181K [0x00000000c0000000, 0x00000000cae80000, 0x00000000eab00000)
  object space 178688K, 99% used [0x00000000c0000000,0x00000000cae014b0,0x00000000cae80000)
 Metaspace       used 81908K, committed 83200K, reserved 1179648K
  class space    used 7464K, committed 8064K, reserved 1048576K
}

